<?xml version="1.0" encoding="UTF-8"?>
<testsuite xmlns:xsi="http://www.w3.org/2001/XMLSchema-instance" xsi:noNamespaceSchemaLocation="https://maven.apache.org/surefire/maven-surefire-plugin/xsd/surefire-test-report-3.0.xsd" version="3.0" name="SecurityServiceTest" time="1.067" tests="14" errors="0" skipped="0" failures="0">
  <properties>
[...]
</properties>
  <testcase name="whenSensorActivated_ThenTransitionToPendingAlarm(ArmingStatus)[1]" classname="SecurityServiceTest" time="0.881">
    <system-err><![CDATA[WARNING: A Java agent has been loaded dynamically (C:\Users\vuduc\.m2\repository\net\bytebuddy\byte-buddy-agent\1.14.12\byte-buddy-agent-1.14.12.jar)
WARNING: If a serviceability tool is in use, please run with -XX:+EnableDynamicAgentLoading to hide this warning
WARNING: If a serviceability tool is not in use, please run with -Djdk.instrument.traceUsage for more information
WARNING: Dynamic loading of agents will be disallowed by default in a future release
]]></system-err>
  </testcase>
  <testcase name="whenSensorActivated_ThenTransitionToPendingAlarm(ArmingStatus)[2]" classname="SecurityServiceTest" time="0.004"/>
  <testcase name="whenSystemArmed_ThenResetAllSensorsToInactive(String)[1]" classname="SecurityServiceTest" time="0.003"/>
  <testcase name="whenSystemArmed_ThenResetAllSensorsToInactive(String)[2]" classname="SecurityServiceTest" time="0.002"/>
  <testcase name="whenSensorActivatedInPending_ThenSetAlarmStatusToOn(ArmingStatus)[1]" classname="SecurityServiceTest" time="0.002"/>
  <testcase name="whenSensorActivatedInPending_ThenSetAlarmStatusToOn(ArmingStatus)[2]" classname="SecurityServiceTest" time="0.003"/>
  <testcase name="whenSensorActivatedAndAlarmPending_ThenChangeToAlarm" classname="SecurityServiceTest" time="0.005"/>
  <testcase name="whenSystemArmedHomeAndCatInCamera_ThenSetAlarmStatusToAlarm" classname="SecurityServiceTest" time="0.019"/>
  <testcase name="whenActivatedDuringSensorActivationChange_ThenNotChangeAlarmStatus" classname="SecurityServiceTest" time="0.002"/>
  <testcase name="whenSensorAlreadyInactive_ThenNoChangeToAlarmState" classname="SecurityServiceTest" time="0.002"/>
  <testcase name="whenNoCatInImageAndSensorsNotActive_ThenChangeStatusToNoAlarm" classname="SecurityServiceTest" time="0.002"/>
  <testcase name="whenSystemDisarmed_ThenSetStatusToNoAlarm" classname="SecurityServiceTest" time="0.002"/>
  <testcase name="whenAllSensorsInactiveInPending_ThenReturnToNoAlarm" classname="SecurityServiceTest" time="0.01"/>
  <testcase name="whenSensorsActivatedAndAlarmIsActive_ThenChangeToPending" classname="SecurityServiceTest" time="0.09"/>
</testsuite>